<?xml version="1.0" encoding="UTF-8"?>
<testng-results ignored="0" total="2" passed="2" failed="0" skipped="0">
  <reporter-output>
  </reporter-output>
  <suite started-at="2021-07-03T22:21:41 EDT" name="Default suite" finished-at="2021-07-03T22:21:41 EDT" duration-ms="92">
    <groups>
    </groups>
    <test started-at="2021-07-03T22:21:41 EDT" name="Default test" finished-at="2021-07-03T22:21:41 EDT" duration-ms="92">
      <class name="qaclickacademy.SeleniumTest">
        <test-method signature="BrowserAutomation()[pri:0, instance:qaclickacademy.SeleniumTest@16610890]" started-at="2021-07-03T22:21:41 EDT" name="BrowserAutomation" finished-at="2021-07-03T22:21:41 EDT" duration-ms="13" status="PASS">
          <reporter-output>
          </reporter-output>
        </test-method> <!-- BrowserAutomation -->
        <test-method signature="elementsUi()[pri:0, instance:qaclickacademy.SeleniumTest@16610890]" started-at="2021-07-03T22:21:41 EDT" name="elementsUi" finished-at="2021-07-03T22:21:41 EDT" duration-ms="3" status="PASS">
          <reporter-output>
          </reporter-output>
        </test-method> <!-- elementsUi -->
      </class> <!-- qaclickacademy.SeleniumTest -->
    </test> <!-- Default test -->
  </suite> <!-- Default suite -->
</testng-results>
